c:\users\andrey\desktop\blog\drafts\lv_memory\fma\arrayfmamsvc\fma\fma\x64\release\vc143.pdb
c:\users\andrey\desktop\blog\drafts\lv_memory\fma\arrayfmamsvc\fma\fma\x64\release\fma.obj
c:\users\andrey\desktop\blog\drafts\lv_memory\fma\arrayfmamsvc\fma\fma\x64\release\dllmain.obj
c:\users\andrey\desktop\blog\drafts\lv_memory\fma\arrayfmamsvc\fma\x64\release\fma.dll
c:\users\andrey\desktop\blog\drafts\lv_memory\fma\arrayfmamsvc\fma\x64\release\fma.pdb
c:\users\andrey\desktop\blog\drafts\lv_memory\fma\arrayfmamsvc\fma\x64\release\fma.lib
c:\users\andrey\desktop\blog\drafts\lv_memory\fma\arrayfmamsvc\fma\x64\release\fma.exp
c:\users\andrey\desktop\blog\drafts\lv_memory\fma\arrayfmamsvc\fma\fma\x64\release\fma.ipdb
c:\users\andrey\desktop\blog\drafts\lv_memory\fma\arrayfmamsvc\fma\fma\x64\release\fma.iobj
c:\users\108003658\onedrive - baker hughes\desktop\blog\drafts\lv_memory\fma\arrayfmamsvc\fma\fma\x64\release\dllmain.obj
c:\users\108003658\onedrive - baker hughes\desktop\blog\drafts\lv_memory\fma\arrayfmamsvc\fma\fma\x64\release\fma.obj
c:\users\108003658\onedrive - baker hughes\desktop\blog\drafts\lv_memory\fma\arrayfmamsvc\fma\fma\x64\release\fma.ipdb
c:\users\108003658\onedrive - baker hughes\desktop\blog\drafts\lv_memory\fma\arrayfmamsvc\fma\fma\x64\release\fma.iobj
c:\users\108003658\onedrive - baker hughes\desktop\blog\drafts\lv_memory\fma\arrayfmamsvc\fma\fma\x64\release\vc143.pdb
c:\users\108003658\onedrive - baker hughes\desktop\blog\drafts\lv_memory\fma\arrayfmamsvc\fma\x64\release\fma.pdb
c:\users\108003658\onedrive - baker hughes\desktop\blog\drafts\lv_memory\fma\arrayfmamsvc\fma\x64\release\fma.dll
c:\users\108003658\onedrive - baker hughes\desktop\blog\drafts\lv_memory\fma\arrayfmamsvc\fma\fma\x64\release\fma.tlog\cl.command.1.tlog
c:\users\108003658\onedrive - baker hughes\desktop\blog\drafts\lv_memory\fma\arrayfmamsvc\fma\fma\x64\release\fma.tlog\cl.items.tlog
c:\users\108003658\onedrive - baker hughes\desktop\blog\drafts\lv_memory\fma\arrayfmamsvc\fma\fma\x64\release\fma.tlog\cl.read.1.tlog
c:\users\108003658\onedrive - baker hughes\desktop\blog\drafts\lv_memory\fma\arrayfmamsvc\fma\fma\x64\release\fma.tlog\cl.write.1.tlog
c:\users\108003658\onedrive - baker hughes\desktop\blog\drafts\lv_memory\fma\arrayfmamsvc\fma\fma\x64\release\fma.tlog\link.command.1.tlog
c:\users\108003658\onedrive - baker hughes\desktop\blog\drafts\lv_memory\fma\arrayfmamsvc\fma\fma\x64\release\fma.tlog\link.read.1.tlog
c:\users\108003658\onedrive - baker hughes\desktop\blog\drafts\lv_memory\fma\arrayfmamsvc\fma\fma\x64\release\fma.tlog\link.secondary.1.tlog
c:\users\108003658\onedrive - baker hughes\desktop\blog\drafts\lv_memory\fma\arrayfmamsvc\fma\fma\x64\release\fma.tlog\link.write.1.tlog
