<?xml version="1.0" encoding="utf-8"?>
<?AutomationStudio Version="4.12.5.95 SP"?>
<Objects>
  <Object
    Path="C:\projects\X20CP1586AS4SHA256rdtsc\Logical\Package.pkg"
    LogicalPath=""
    Type="Package.ParentUnknown"
    LastWriteTime="133788210127520755" />
  <Object
    Path="C:\projects\X20CP1586AS4SHA256rdtsc\Logical\Global.typ"
    LogicalPath="Global.typ"
    Type="File"
    LastWriteTime="133761666005267011"
    Private="false" />
  <Object
    Path="C:\projects\X20CP1586AS4SHA256rdtsc\Logical\Global.var"
    LogicalPath="Global.var"
    Type="File"
    LastWriteTime="133788195663262359"
    Private="false" />
  <Object
    Path="C:\projects\X20CP1586AS4SHA256rdtsc\Logical\Libraries\Package.pkg"
    LogicalPath="Libraries"
    Type="Package"
    LastWriteTime="133761666038097001" />
  <Object
    Path="C:\projects\X20CP1586AS4SHA256rdtsc\Logical\Libraries\operator\binary.lby"
    LogicalPath="Libraries.operator"
    Type="Library"
    LastWriteTime="133761666029477024" />
  <Object
    Path="C:\projects\X20CP1586AS4SHA256rdtsc\Logical\Libraries\operator\operator.fun"
    LogicalPath="Libraries.operator.operator.fun"
    Type="File"
    LastWriteTime="133761666029427020"
    Private="false" />
  <Object
    Path="C:\projects\X20CP1586AS4SHA256rdtsc\Logical\Libraries\operator\operator.typ"
    LogicalPath="Libraries.operator.operator.typ"
    Type="File"
    LastWriteTime="133761666029457019"
    Private="false" />
  <Object
    Path="C:\projects\X20CP1586AS4SHA256rdtsc\Logical\Libraries\operator\operator.var"
    LogicalPath="Libraries.operator.operator.var"
    Type="File"
    LastWriteTime="133761666029477024"
    Private="false" />
  <Object
    Path="C:\projects\X20CP1586AS4SHA256rdtsc\Logical\Libraries\runtime\binary.lby"
    LogicalPath="Libraries.runtime"
    Type="Library"
    LastWriteTime="133761666032337008" />
  <Object
    Path="C:\projects\X20CP1586AS4SHA256rdtsc\Logical\Libraries\runtime\runtime.fun"
    LogicalPath="Libraries.runtime.runtime.fun"
    Type="File"
    LastWriteTime="133761666032197018"
    Private="false" />
  <Object
    Path="C:\projects\X20CP1586AS4SHA256rdtsc\Logical\Libraries\runtime\runtime.typ"
    LogicalPath="Libraries.runtime.runtime.typ"
    Type="File"
    LastWriteTime="133761666032207049"
    Private="false" />
  <Object
    Path="C:\projects\X20CP1586AS4SHA256rdtsc\Logical\Libraries\runtime\runtime.var"
    LogicalPath="Libraries.runtime.runtime.var"
    Type="File"
    LastWriteTime="133761666032227089"
    Private="false" />
  <Object
    Path="C:\projects\X20CP1586AS4SHA256rdtsc\Logical\Libraries\astime\binary.lby"
    LogicalPath="Libraries.astime"
    Type="Library"
    LastWriteTime="133761666035307009" />
  <Object
    Path="C:\projects\X20CP1586AS4SHA256rdtsc\Logical\Libraries\astime\astime.fun"
    LogicalPath="Libraries.astime.astime.fun"
    Type="File"
    LastWriteTime="133761666035117015"
    Private="false" />
  <Object
    Path="C:\projects\X20CP1586AS4SHA256rdtsc\Logical\Libraries\astime\astime.typ"
    LogicalPath="Libraries.astime.astime.typ"
    Type="File"
    LastWriteTime="133761666035127015"
    Private="false" />
  <Object
    Path="C:\projects\X20CP1586AS4SHA256rdtsc\Logical\Libraries\astime\astime.var"
    LogicalPath="Libraries.astime.astime.var"
    Type="File"
    LastWriteTime="133761666035137013"
    Private="false" />
  <Object
    Path="C:\projects\X20CP1586AS4SHA256rdtsc\Logical\Libraries\AsIecCon\binary.lby"
    LogicalPath="Libraries.AsIecCon"
    Type="Library"
    LastWriteTime="133761666038057007" />
  <Object
    Path="C:\projects\X20CP1586AS4SHA256rdtsc\Logical\Libraries\AsIecCon\AsIecCon.fun"
    LogicalPath="Libraries.AsIecCon.AsIecCon.fun"
    Type="File"
    LastWriteTime="133761666037967079"
    Private="false" />
  <Object
    Path="C:\projects\X20CP1586AS4SHA256rdtsc\Logical\Libraries\AsIecCon\AsIecCon.typ"
    LogicalPath="Libraries.AsIecCon.AsIecCon.typ"
    Type="File"
    LastWriteTime="133761666037977009"
    Private="false" />
  <Object
    Path="C:\projects\X20CP1586AS4SHA256rdtsc\Logical\Libraries\AsIecCon\AsIecCon.var"
    LogicalPath="Libraries.AsIecCon.AsIecCon.var"
    Type="File"
    LastWriteTime="133761666037987009"
    Private="false" />
  <Object
    Path="C:\projects\X20CP1586AS4SHA256rdtsc\Logical\BlinkerL\IEC.prg"
    LogicalPath="BlinkerL"
    Type="Program"
    LastWriteTime="133761681700768149" />
  <Object
    Path="C:\projects\X20CP1586AS4SHA256rdtsc\Logical\BlinkerL\Cyclic.ld"
    LogicalPath="BlinkerL.Cyclic.ld"
    Type="File"
    LastWriteTime="133788188341702844"
    Private="false" />
  <Object
    Path="C:\projects\X20CP1586AS4SHA256rdtsc\Logical\BlinkerL\Init.ld"
    LogicalPath="BlinkerL.Init.ld"
    Type="File"
    LastWriteTime="133761681700688147"
    Private="false" />
  <Object
    Path="C:\projects\X20CP1586AS4SHA256rdtsc\Logical\BlinkerL\Exit.ld"
    LogicalPath="BlinkerL.Exit.ld"
    Type="File"
    LastWriteTime="133761681700698152"
    Private="false" />
  <Object
    Path="C:\projects\X20CP1586AS4SHA256rdtsc\Logical\BlinkerL\Types.typ"
    LogicalPath="BlinkerL.Types.typ"
    Type="File"
    LastWriteTime="133761681700708140"
    Private="true" />
  <Object
    Path="C:\projects\X20CP1586AS4SHA256rdtsc\Logical\BlinkerL\Variables.var"
    LogicalPath="BlinkerL.Variables.var"
    Type="File"
    LastWriteTime="133761681700718141"
    Private="true" />
  <Object
    Path="C:\projects\X20CP1586AS4SHA256rdtsc\Logical\SHA256\ANSIC.prg"
    LogicalPath="SHA256"
    Type="Program"
    LastWriteTime="133786389789826441" />
  <Object
    Path="C:\projects\X20CP1586AS4SHA256rdtsc\Logical\SHA256\Main.c"
    LogicalPath="SHA256.Main.c"
    Type="File"
    LastWriteTime="133790175102587094"
    Private="false" />
  <Object
    Path="C:\projects\X20CP1586AS4SHA256rdtsc\Logical\SHA256\sha256.c"
    LogicalPath="SHA256.sha256.c"
    Type="File"
    LastWriteTime="133788314476867502"
    Private="false" />
  <Object
    Path="C:\projects\X20CP1586AS4SHA256rdtsc\Logical\SHA256\sha256.h"
    LogicalPath="SHA256.sha256.h"
    Type="File"
    LastWriteTime="133788315039855267"
    Private="false" />
  <Object
    Path="C:\projects\X20CP1586AS4SHA256rdtsc\Logical\SHA256\Types.typ"
    LogicalPath="SHA256.Types.typ"
    Type="File"
    LastWriteTime="133786386570511672"
    Private="true" />
  <Object
    Path="C:\projects\X20CP1586AS4SHA256rdtsc\Logical\SHA256\Variables.var"
    LogicalPath="SHA256.Variables.var"
    Type="File"
    LastWriteTime="133788353171225492"
    Private="true" />
  <Object
    Path="C:\projects\X20CP1586AS4SHA256rdtsc\Logical\BlinkerC\ANSIC.prg"
    LogicalPath="BlinkerC"
    Type="Program"
    LastWriteTime="133788195099817001" />
  <Object
    Path="C:\projects\X20CP1586AS4SHA256rdtsc\Logical\BlinkerC\Main.c"
    LogicalPath="BlinkerC.Main.c"
    Type="File"
    LastWriteTime="133788198208554303"
    Private="false" />
  <Object
    Path="C:\projects\X20CP1586AS4SHA256rdtsc\Logical\BlinkerC\Types.typ"
    LogicalPath="BlinkerC.Types.typ"
    Type="File"
    LastWriteTime="133788195099797440"
    Private="true" />
  <Object
    Path="C:\projects\X20CP1586AS4SHA256rdtsc\Logical\BlinkerC\Variables.var"
    LogicalPath="BlinkerC.Variables.var"
    Type="File"
    LastWriteTime="133788195099807199"
    Private="true" />
  <Object
    Path="C:\projects\X20CP1586AS4SHA256rdtsc\Logical\CycleTime\ANSIC.prg"
    LogicalPath="CycleTime"
    Type="Program"
    LastWriteTime="133788210049949259" />
  <Object
    Path="C:\projects\X20CP1586AS4SHA256rdtsc\Logical\CycleTime\Main.c"
    LogicalPath="CycleTime.Main.c"
    Type="File"
    LastWriteTime="133790976527123659"
    Private="false" />
  <Object
    Path="C:\projects\X20CP1586AS4SHA256rdtsc\Logical\CycleTime\Types.typ"
    LogicalPath="CycleTime.Types.typ"
    Type="File"
    LastWriteTime="133788210049919952"
    Private="true" />
  <Object
    Path="C:\projects\X20CP1586AS4SHA256rdtsc\Logical\CycleTime\Variables.var"
    LogicalPath="CycleTime.Variables.var"
    Type="File"
    LastWriteTime="133790973894414229"
    Private="true" />
  <Object
    Path="C:\projects\X20CP1586AS4SHA256rdtsc\Physical\Config1\Config.pkg"
    LogicalPath="Config1"
    Type="Configuration.ParentUnknown"
    LastWriteTime="133761666113502092" />
  <Object
    Path="C:\projects\X20CP1586AS4SHA256rdtsc\Physical\Config1\Hardware.hw"
    LogicalPath="Config1.Hardware.hw"
    Type="File"
    LastWriteTime="133791036942458903"
    Private="false" />
  <Object
    Path="C:\projects\X20CP1586AS4SHA256rdtsc\Physical\Config1\Hardware.hwl"
    LogicalPath="Config1.Hardware.hwl"
    Type="File"
    LastWriteTime="133788355756747937"
    Private="false" />
  <Object
    Path="C:\projects\X20CP1586AS4SHA256rdtsc\Physical\Config1\X20CP1586\Cpu.pkg"
    LogicalPath="Config1.X20CP1586"
    Type="Cpu"
    LastWriteTime="133791036210059298" />
  <Object
    Path="C:\projects\X20CP1586AS4SHA256rdtsc\Physical\Config1\X20CP1586\Cpu.sw"
    LogicalPath="Config1.X20CP1586.Cpu.sw"
    Type="File"
    LastWriteTime="133790167489702103"
    Private="false" />
  <Object
    Path="C:\projects\X20CP1586AS4SHA256rdtsc\Physical\Config1\X20CP1586\Cpu.per"
    LogicalPath="Config1.X20CP1586.Cpu.per"
    Type="File"
    LastWriteTime="133761666063972144"
    Private="false" />
  <Object
    Path="C:\projects\X20CP1586AS4SHA256rdtsc\Physical\Config1\X20CP1586\IoMap.iom"
    LogicalPath="Config1.X20CP1586.IoMap.iom"
    Type="File"
    LastWriteTime="133788196008249329"
    Private="false" />
  <Object
    Path="C:\projects\X20CP1586AS4SHA256rdtsc\Physical\Config1\X20CP1586\PvMap.vvm"
    LogicalPath="Config1.X20CP1586.PvMap.vvm"
    Type="File"
    LastWriteTime="133761666064002105"
    Private="false" />
  <Object
    Path="C:\projects\X20CP1586AS4SHA256rdtsc\Physical\Config1\X20CP1586\Connectivity\Package.pkg"
    LogicalPath="Config1.X20CP1586.Connectivity"
    Type="Package"
    LastWriteTime="133761666065972083" />
  <Object
    Path="C:\projects\X20CP1586AS4SHA256rdtsc\Physical\Config1\X20CP1586\Connectivity\OpcUA\Package.pkg"
    LogicalPath="Config1.X20CP1586.Connectivity.OpcUA"
    Type="Package"
    LastWriteTime="133761703217756922" />
  <Object
    Path="C:\projects\X20CP1586AS4SHA256rdtsc\Physical\Config1\X20CP1586\Connectivity\OpcUA\OpcUaMap.uad"
    LogicalPath="Config1.X20CP1586.Connectivity.OpcUA.OpcUaMap.uad"
    Type="File"
    LastWriteTime="133789253648458512"
    Private="false" />
  <Object
    Path="C:\projects\X20CP1586AS4SHA256rdtsc\Physical\Config1\X20CP1586\Connectivity\OpcUaFx\Package.pkg"
    LogicalPath="Config1.X20CP1586.Connectivity.OpcUaFx"
    Type="Package"
    LastWriteTime="133761666065962093" />
  <Object
    Path="C:\projects\X20CP1586AS4SHA256rdtsc\Physical\Config1\X20CP1586\TextSystem\Package.pkg"
    LogicalPath="Config1.X20CP1586.TextSystem"
    Type="Package"
    LastWriteTime="133761666065992093" />
  <Object
    Path="C:\projects\X20CP1586AS4SHA256rdtsc\Physical\Config1\X20CP1586\UnitSystem\Package.pkg"
    LogicalPath="Config1.X20CP1586.UnitSystem"
    Type="Package"
    LastWriteTime="133761666066012107" />
  <Object
    Path="C:\projects\X20CP1586AS4SHA256rdtsc\Physical\Config1\X20CP1586\AccessAndSecurity\Package.pkg"
    LogicalPath="Config1.X20CP1586.AccessAndSecurity"
    Type="Package"
    LastWriteTime="133761666066682102" />
  <Object
    Path="C:\projects\X20CP1586AS4SHA256rdtsc\Physical\Config1\X20CP1586\AccessAndSecurity\UserRoleSystem\Package.pkg"
    LogicalPath="Config1.X20CP1586.AccessAndSecurity.UserRoleSystem"
    Type="Package"
    LastWriteTime="133761666066282098" />
  <Object
    Path="C:\projects\X20CP1586AS4SHA256rdtsc\Physical\Config1\X20CP1586\AccessAndSecurity\UserRoleSystem\Role.role"
    LogicalPath="Config1.X20CP1586.AccessAndSecurity.UserRoleSystem.Role.role"
    Type="File"
    LastWriteTime="133761666066252085"
    Private="false" />
  <Object
    Path="C:\projects\X20CP1586AS4SHA256rdtsc\Physical\Config1\X20CP1586\AccessAndSecurity\UserRoleSystem\User.user"
    LogicalPath="Config1.X20CP1586.AccessAndSecurity.UserRoleSystem.User.user"
    Type="File"
    LastWriteTime="133761666066272085"
    Private="false" />
  <Object
    Path="C:\projects\X20CP1586AS4SHA256rdtsc\Physical\Config1\X20CP1586\AccessAndSecurity\CertificateStore\Package.pkg"
    LogicalPath="Config1.X20CP1586.AccessAndSecurity.CertificateStore"
    Type="Package"
    LastWriteTime="133761666066432090" />
  <Object
    Path="C:\projects\X20CP1586AS4SHA256rdtsc\Physical\Config1\X20CP1586\AccessAndSecurity\CertificateStore\OwnCertificates\Package.pkg"
    LogicalPath="Config1.X20CP1586.AccessAndSecurity.CertificateStore.OwnCertificates"
    Type="Package"
    LastWriteTime="133761666066352086" />
  <Object
    Path="C:\projects\X20CP1586AS4SHA256rdtsc\Physical\Config1\X20CP1586\AccessAndSecurity\CertificateStore\OwnCertificates\Certificates\Package.pkg"
    LogicalPath="Config1.X20CP1586.AccessAndSecurity.CertificateStore.OwnCertificates.Certificates"
    Type="Package"
    LastWriteTime="133761666066332088" />
  <Object
    Path="C:\projects\X20CP1586AS4SHA256rdtsc\Physical\Config1\X20CP1586\AccessAndSecurity\CertificateStore\OwnCertificates\PrivateKeys\Package.pkg"
    LogicalPath="Config1.X20CP1586.AccessAndSecurity.CertificateStore.OwnCertificates.PrivateKeys"
    Type="Package"
    LastWriteTime="133761666066352086" />
  <Object
    Path="C:\projects\X20CP1586AS4SHA256rdtsc\Physical\Config1\X20CP1586\AccessAndSecurity\CertificateStore\ThirdPartyCertificates\Package.pkg"
    LogicalPath="Config1.X20CP1586.AccessAndSecurity.CertificateStore.ThirdPartyCertificates"
    Type="Package"
    LastWriteTime="133761666066392088" />
  <Object
    Path="C:\projects\X20CP1586AS4SHA256rdtsc\Physical\Config1\X20CP1586\AccessAndSecurity\CertificateStore\ThirdPartyCertificates\SoftwareCertificates\Package.pkg"
    LogicalPath="Config1.X20CP1586.AccessAndSecurity.CertificateStore.ThirdPartyCertificates.SoftwareCertificates"
    Type="Package"
    LastWriteTime="133761666066392088" />
  <Object
    Path="C:\projects\X20CP1586AS4SHA256rdtsc\Physical\Config1\X20CP1586\AccessAndSecurity\CertificateStore\CertificateRevocationLists\Package.pkg"
    LogicalPath="Config1.X20CP1586.AccessAndSecurity.CertificateStore.CertificateRevocationLists"
    Type="Package"
    LastWriteTime="133761666066412096" />
  <Object
    Path="C:\projects\X20CP1586AS4SHA256rdtsc\Physical\Config1\X20CP1586\AccessAndSecurity\CertificateStore\CertificateSigningRequests\Package.pkg"
    LogicalPath="Config1.X20CP1586.AccessAndSecurity.CertificateStore.CertificateSigningRequests"
    Type="Package"
    LastWriteTime="133761666066432090" />
  <Object
    Path="C:\projects\X20CP1586AS4SHA256rdtsc\Physical\Config1\X20CP1586\AccessAndSecurity\TransportLayerSecurity\Package.pkg"
    LogicalPath="Config1.X20CP1586.AccessAndSecurity.TransportLayerSecurity"
    Type="Package"
    LastWriteTime="133761666066452086" />
  <Object
    Path="C:\projects\X20CP1586AS4SHA256rdtsc\Physical\Config1\X20CP1586\AccessAndSecurity\Firewall\Package.pkg"
    LogicalPath="Config1.X20CP1586.AccessAndSecurity.Firewall"
    Type="Package"
    LastWriteTime="133761666066682102" />
  <Object
    Path="C:\projects\X20CP1586AS4SHA256rdtsc\Physical\Config1\X20CP1586\AccessAndSecurity\Firewall\Rules.firewallRules"
    LogicalPath="Config1.X20CP1586.AccessAndSecurity.Firewall.Rules.firewallRules"
    Type="File"
    LastWriteTime="133761666066672097"
    Private="false" />
  <Object
    Path="C:\projects\X20CP1586AS4SHA256rdtsc\Physical\Config1\X20CP1586\mappControl\Package.pkg"
    LogicalPath="Config1.X20CP1586.mappControl"
    Type="Package"
    LastWriteTime="133761666066702099" />
  <Object
    Path="C:\projects\X20CP1586AS4SHA256rdtsc\Physical\Config1\X20CP1586\mappMotion\Package.pkg"
    LogicalPath="Config1.X20CP1586.mappMotion"
    Type="Package"
    LastWriteTime="133761666066732109" />
  <Object
    Path="C:\projects\X20CP1586AS4SHA256rdtsc\Physical\Config1\X20CP1586\mappServices\Package.pkg"
    LogicalPath="Config1.X20CP1586.mappServices"
    Type="Package"
    LastWriteTime="133761666066762115" />
  <Object
    Path="C:\projects\X20CP1586AS4SHA256rdtsc\Physical\Config1\X20CP1586\mappSafety\Package.pkg"
    LogicalPath="Config1.X20CP1586.mappSafety"
    Type="Package"
    LastWriteTime="133761666066822087" />
  <Object
    Path="C:\projects\X20CP1586AS4SHA256rdtsc\Physical\Config1\X20CP1586\mappSafety\SafeApplication\Package.pkg"
    LogicalPath="Config1.X20CP1586.mappSafety.SafeApplication"
    Type="Package"
    LastWriteTime="133761666066802096" />
  <Object
    Path="C:\projects\X20CP1586AS4SHA256rdtsc\Physical\Config1\X20CP1586\mappSafety\SafeCommissioning\Package.pkg"
    LogicalPath="Config1.X20CP1586.mappSafety.SafeCommissioning"
    Type="Package"
    LastWriteTime="133761666066812096" />
  <Object
    Path="C:\projects\X20CP1586AS4SHA256rdtsc\Physical\Config1\X20CP1586\mappView\Package.pkg"
    LogicalPath="Config1.X20CP1586.mappView"
    Type="Package"
    LastWriteTime="133761666066842083" />
  <Object
    Path="C:\projects\X20CP1586AS4SHA256rdtsc\Physical\Config1\X20CP1586\mappVision\Package.pkg"
    LogicalPath="Config1.X20CP1586.mappVision"
    Type="Package"
    LastWriteTime="133761666066862098" />
  <Object
    Path="C:\projects\X20CP1586AS4SHA256rdtsc\Physical\Config1\X20CP1586\mappCockpit\Package.pkg"
    LogicalPath="Config1.X20CP1586.mappCockpit"
    Type="Package"
    LastWriteTime="133761666066892099" />
  <Object
    Path="C:\projects\X20CP1586AS4SHA256rdtsc\Physical\Config1\Hardware.jpg"
    LogicalPath="Config1.Hardware.jpg"
    Type="File"
    LastWriteTime="133788355757001828"
    Private="false" />
</Objects>